<?xml version="1.0" encoding="UTF-8" standalone="no"?>
<!-- Parameter file for the DCT growth modeling -->
<!-- This file holds constants, not state information -->
<SimInfoParams>
   <!-- size of pool of neurons [x y z] -->
   <PoolSize x="100" y="100" z="1"/>
   <!-- Simulation Parameters -->
   <SimParams Tsim="100.0" numSims="600"/>
   <!-- Simulation Configuration Parameters -->
   <SimConfig maxFiringRate="200" maxSynapsesPerNeuron="200"/>
   <!-- Random seed - set to zero to use /dev/random -->
   <!-- TODO: implement support for this -->
   <Seed value="1"/>
   <!-- State output file name, this name will be overwritten if -o option is specified -->
   <OutputParams stateOutputFileName="test-large-long-out.xml"/>
</SimInfoParams>

<ModelParams>
   <NeuronsParams class="AllLIFNeurons">
      <!-- Interval of constant injected current -->
      <Iinject min="13.5e-09" max="13.5e-09"/>
      <!-- Interval of STD of (gaussian) noise current -->
      <Inoise min="1.0e-09" max="1.5e-09"/>
      <!-- Interval of firing threshold -->
      <Vthresh min="15.0e-03" max="15.0e-03"/>
      <!-- Interval of asymptotic voltage -->
      <Vresting min="0.0" max="0.0"/>
      <!-- Interval of reset voltage -->
      <Vreset min="13.5e-03" max="13.5e-03"/>
      <!-- Interval of initial membrance voltage -->
      <Vinit min="13.0e-03" max="13.0e-03"/>
      <!-- Starter firing threshold -->
      <starter_vthresh min="13.565e-3" max="13.655e-3"/>
      <!-- Starter reset voltage -->
      <starter_vreset min="13.0e-3" max="13.0e-3"/>
   </NeuronsParams>
   
   <SynapsesParams class="AllDSSynapses">
   </SynapsesParams>
   
   <ConnectionsParams class="ConnGrowth">
      <!-- Growth parameters -->
      <GrowthParams epsilon="0.60" beta="0.10" rho="0.0001" targetRate="1.0" minRadius="0.1" startRadius="0.4"/>
   </ConnectionsParams>

   <LayoutParams class="FixedLayout">

      <!-- If FixedLayout is present, the grid will be laid out according to the positions below, rather than randomly based on LsmParams -->
      <FixedLayoutParams>
         <!-- 0-indexed positions of endogenously active neurons in the list -->
         <A>
7 17 27 37 47 57 67 77 87 97 
101 104 111 114 121 124 131 134 141 144 151 154 161 164 171 174 181 184 191 194
307 317 327 337 347 357 367 377 387 397
401 404 411 414 421 424 431 434 441 444 451 454 461 464 471 474 481 484 491 494
607 617 627 637 647 657 667 677 687 697
701 704 711 714 721 724 731 734 741 744 751 754 761 764 771 774 781 784 791 794
907 917 927 937 947 957 967 977 987 997
1007 1017 1027 1037 1047 1057 1067 1077 1087 1097 
1101 1104 1111 1114 1121 1124 1131 1134 1141 1144 1151 1154 1161 1164 1171 1174 1181 1184 1191 1194
1307 1317 1327 1337 1347 1357 1367 1377 1387 1397
1401 1404 1411 1414 1421 1424 1431 1434 1441 1444 1451 1454 1461 1464 1471 1474 1481 1484 1491 1494
1607 1617 1627 1637 1647 1657 1667 1677 1687 1697
1701 1704 1711 1714 1721 1724 1731 1734 1741 1744 1751 1754 1761 1764 1771 1774 1781 1784 1791 1794
1907 1917 1927 1937 1947 1957 1967 1977 1987 1997
2007 2017 2027 2037 2047 2057 2067 2077 2087 2097 
2101 2104 2111 2114 2121 2124 2131 2134 2141 2144 2151 2154 2161 2164 2171 2174 2181 2184 2191 2194
2307 2317 2327 2337 2347 2357 2367 2377 2387 2397
2401 2404 2411 2414 2421 2424 2431 2434 2441 2444 2451 2454 2461 2464 2471 2474 2481 2484 2491 2494
2607 2617 2627 2637 2647 2657 2667 2677 2687 2697
2701 2704 2711 2714 2721 2724 2731 2734 2741 2744 2751 2754 2761 2764 2771 2774 2781 2784 2791 2794
2907 2917 2927 2937 2947 2957 2967 2977 2987 2997
3007 3017 3027 3037 3047 3057 3067 3077 3087 3097 
3101 3104 3111 3114 3121 3124 3131 3134 3141 3144 3151 3154 3161 3164 3171 3174 3181 3184 3191 3194
3307 3317 3327 3337 3347 3357 3367 3377 3387 3397
3401 3404 3411 3414 3421 3424 3431 3434 3441 3444 3451 3454 3461 3464 3471 3474 3481 3484 3491 3494
3607 3617 3627 3637 3647 3657 3667 3677 3687 3697
3701 3704 3711 3714 3721 3724 3731 3734 3741 3744 3751 3754 3761 3764 3771 3774 3781 3784 3791 3794
3907 3917 3927 3937 3947 3957 3967 3977 3987 3997
4007 4017 4027 4037 4047 4057 4067 4077 4087 4097 
4101 4104 4111 4114 4121 4124 4131 4134 4141 4144 4151 4154 4161 4164 4171 4174 4181 4184 4191 4194
4307 4317 4327 4337 4347 4357 4367 4377 4387 4397
4401 4404 4411 4414 4421 4424 4431 4434 4441 4444 4451 4454 4461 4464 4471 4474 4481 4484 4491 4494
4607 4617 4627 4637 4647 4657 4667 4677 4687 4697
4701 4704 4711 4714 4721 4724 4731 4734 4741 4744 4751 4754 4761 4764 4771 4774 4781 4784 4791 4794
4907 4917 4927 4937 4947 4957 4967 4977 4987 4997
5007 5017 5027 5037 5047 5057 5067 5077 5087 5097 
5101 5104 5111 5114 5121 5124 5131 5134 5141 5144 5151 5154 5161 5164 5171 5174 5181 5184 5191 5194
5307 5317 5327 5337 5347 5357 5367 5377 5387 5397
5401 5404 5411 5414 5421 5424 5431 5434 5441 5444 5451 5454 5461 5464 5471 5474 5481 5484 5491 5494
5607 5617 5627 5637 5647 5657 5667 5677 5687 5697
5701 5704 5711 5714 5721 5724 5731 5734 5741 5744 5751 5754 5761 5764 5771 5774 5781 5784 5791 5794
5907 5917 5927 5937 5947 5957 5967 5977 5987 5997
6007 6017 6027 6037 6047 6057 6067 6077 6087 6097 
6101 6104 6111 6114 6121 6124 6131 6134 6141 6144 6151 6154 6161 6164 6171 6174 6181 6184 6191 6194
6307 6317 6327 6337 6347 6357 6367 6377 6387 6397
6401 6404 6411 6414 6421 6424 6431 6434 6441 6444 6451 6454 6461 6464 6471 6474 6481 6484 6491 6494
6607 6617 6627 6637 6647 6657 6667 6677 6687 6697
6701 6704 6711 6714 6721 6724 6731 6734 6741 6744 6751 6754 6761 6764 6771 6774 6781 6784 6791 6794
6907 6917 6927 6937 6947 6957 6967 6977 6987 6997
7007 7017 7027 7037 7047 7057 7067 7077 7087 7097 
7101 7104 7111 7114 7121 7124 7131 7134 7141 7144 7151 7154 7161 7164 7171 7174 7181 7184 7191 7194
7307 7317 7327 7337 7347 7357 7367 7377 7387 7397
7401 7404 7411 7414 7421 7424 7431 7434 7441 7444 7451 7454 7461 7464 7471 7474 7481 7484 7491 7494
7607 7617 7627 7637 7647 7657 7667 7677 7687 7697
7701 7704 7711 7714 7721 7724 7731 7734 7741 7744 7751 7754 7761 7764 7771 7774 7781 7784 7791 7794
7907 7917 7927 7937 7947 7957 7967 7977 7987 7997
8007 8017 8027 8037 8047 8057 8067 8077 8087 8097 
8101 8104 8111 8114 8121 8124 8131 8134 8141 8144 8151 8154 8161 8164 8171 8174 8181 8184 8191 8194
8307 8317 8327 8337 8347 8357 8367 8377 8387 8397
8401 8404 8411 8414 8421 8424 8431 8434 8441 8444 8451 8454 8461 8464 8471 8474 8481 8484 8491 8494
8607 8617 8627 8637 8647 8657 8667 8677 8687 8697
8701 8704 8711 8714 8721 8724 8731 8734 8741 8744 8751 8754 8761 8764 8771 8774 8781 8784 8791 8794
8907 8917 8927 8937 8947 8957 8967 8977 8987 8997
9007 9017 9027 9037 9047 9057 9067 9077 9087 9097 
9101 9104 9111 9114 9121 9124 9131 9134 9141 9144 9151 9154 9161 9164 9171 9174 9181 9184 9191 9194
9307 9317 9327 9337 9347 9357 9367 9377 9387 9397
9401 9404 9411 9414 9421 9424 9431 9434 9441 9444 9451 9454 9461 9464 9471 9474 9481 9484 9491 9494
9607 9617 9627 9637 9647 9657 9667 9677 9687 9697
9701 9704 9711 9714 9721 9724 9731 9734 9741 9744 9751 9754 9761 9764 9771 9774 9781 9784 9791 9794
9907 9917 9927 9937 9947 9957 9967 9977 9987 9997
</A>

         <!-- 0-indexed positions of inhibitory neurons in the list -->
         <I>
2 12 22 32 42 52 62 72 82 92
205 208 215 218 225 228 235 238 245 248 255 258 265 268 275 278 285 288 295 298
302 312 322 332 342 352 362 372 382 392
505 508 515 518 525 528 535 538 545 548 555 558 565 568 575 578 585 588 595 598
602 612 622 632 642 652 662 672 682 692
805 808 815 818 825 828 835 838 845 848 855 858 865 868 875 878 885 888 895 898
902 912 922 932 942 952 962 972 982 992
1008 1018 1028 1038 1048 1058 1068 1078 1088 1098
1202 1205 1212 1215 1222 1225 1232 1235 1242 1245 1252 1255 1262 1265 1272 1275 1282 1285 1292 1295
1308 1318 1328 1338 1348 1358 1368 1378 1388 1398
1502 1505 1512 1515 1522 1525 1532 1535 1542 1545 1552 1555 1562 1565 1572 1575 1582 1585 1592 1595
1608 1618 1628 1638 1648 1658 1668 1678 1688 1698
1802 1805 1812 1815 1822 1825 1832 1835 1842 1845 1852 1855 1862 1865 1872 1875 1882 1885 1892 1895
1908 1918 1928 1938 1948 1958 1968 1978 1988 1998
2002 2012 2022 2032 2042 2052 2062 2072 2082 2092
2205 2208 2215 2218 2225 2228 2235 2238 2245 2248 2255 2258 2265 2268 2275 2278 2285 2288 2295 2298
2302 2312 2322 2332 2342 2352 2362 2372 2382 2392
2505 2508 2515 2518 2525 2528 2535 2538 2545 2548 2555 2558 2565 2568 2575 2578 2585 2588 2595 2598
2602 2612 2622 2632 2642 2652 2662 2672 2682 2692
2805 2808 2815 2818 2825 2828 2835 2838 2845 2848 2855 2858 2865 2868 2875 2878 2885 2888 2895 2898
2902 2912 2922 2932 2942 2952 2962 2972 2982 2992
3008 3018 3028 3038 3048 3058 3068 3078 3088 3098
3202 3205 3212 3215 3222 3225 3232 3235 3242 3245 3252 3255 3262 3265 3272 3275 3282 3285 3292 3295
3308 3318 3328 3338 3348 3358 3368 3378 3388 3398
3502 3505 3512 3515 3522 3525 3532 3535 3542 3545 3552 3555 3562 3565 3572 3575 3582 3585 3592 3595
3608 3618 3628 3638 3648 3658 3668 3678 3688 3698
3802 3805 3812 3815 3822 3825 3832 3835 3842 3845 3852 3855 3862 3865 3872 3875 3882 3885 3892 3895
3908 3918 3928 3938 3948 3958 3968 3978 3988 3998
4002 4012 4022 4032 4042 4052 4062 4072 4082 4092
4205 4208 4215 4218 4225 4228 4235 4238 4245 4248 4255 4258 4265 4268 4275 4278 4285 4288 4295 4298
4302 4312 4322 4332 4342 4352 4362 4372 4382 4392
4505 4508 4515 4518 4525 4528 4535 4538 4545 4548 4555 4558 4565 4568 4575 4578 4585 4588 4595 4598
4602 4612 4622 4632 4642 4652 4662 4672 4682 4692
4805 4808 4815 4818 4825 4828 4835 4838 4845 4848 4855 4858 4865 4868 4875 4878 4885 4888 4895 4898
4902 4912 4922 4932 4942 4952 4962 4972 4982 4992
5008 5018 5028 5038 5048 5058 5068 5078 5088 5098
5202 5205 5212 5215 5222 5225 5232 5235 5242 5245 5252 5255 5262 5265 5272 5275 5282 5285 5292 5295
5308 5318 5328 5338 5348 5358 5368 5378 5388 5398
5502 5505 5512 5515 5522 5525 5532 5535 5542 5545 5552 5555 5562 5565 5572 5575 5582 5585 5592 5595
5608 5618 5628 5638 5648 5658 5668 5678 5688 5698
5802 5805 5812 5815 5822 5825 5832 5835 5842 5845 5852 5855 5862 5865 5872 5875 5882 5885 5892 5895
5908 5918 5928 5938 5948 5958 5968 5978 5988 5998
6002 6012 6022 6032 6042 6052 6062 6072 6082 6092
6205 6208 6215 6218 6225 6228 6235 6238 6245 6248 6255 6258 6265 6268 6275 6278 6285 6288 6295 6298
6302 6312 6322 6332 6342 6352 6362 6372 6382 6392
6505 6508 6515 6518 6525 6528 6535 6538 6545 6548 6555 6558 6565 6568 6575 6578 6585 6588 6595 6598
6602 6612 6622 6632 6642 6652 6662 6672 6682 6692
6805 6808 6815 6818 6825 6828 6835 6838 6845 6848 6855 6858 6865 6868 6875 6878 6885 6888 6895 6898
6902 6912 6922 6932 6942 6952 6962 6972 6982 6992
7008 7018 7028 7038 7048 7058 7068 7078 7088 7098
7202 7205 7212 7215 7222 7225 7232 7235 7242 7245 7252 7255 7262 7265 7272 7275 7282 7285 7292 7295
7308 7318 7328 7338 7348 7358 7368 7378 7388 7398
7502 7505 7512 7515 7522 7525 7532 7535 7542 7545 7552 7555 7562 7565 7572 7575 7582 7585 7592 7595
7608 7618 7628 7638 7648 7658 7668 7678 7688 7698
7802 7805 7812 7815 7822 7825 7832 7835 7842 7845 7852 7855 7862 7865 7872 7875 7882 7885 7892 7895
7908 7918 7928 7938 7948 7958 7968 7978 7988 7998
8002 8012 8022 8032 8042 8052 8062 8072 8082 8092
8205 8208 8215 8218 8225 8228 8235 8238 8245 8248 8255 8258 8265 8268 8275 8278 8285 8288 8295 8298
8302 8312 8322 8332 8342 8352 8362 8372 8382 8392
8505 8508 8515 8518 8525 8528 8535 8538 8545 8548 8555 8558 8565 8568 8575 8578 8585 8588 8595 8598
8602 8612 8622 8632 8642 8652 8662 8672 8682 8692
8805 8808 8815 8818 8825 8828 8835 8838 8845 8848 8855 8858 8865 8868 8875 8878 8885 8888 8895 8898
8902 8912 8922 8932 8942 8952 8962 8972 8982 8992
9008 9018 9028 9038 9048 9058 9068 9078 9088 9098
9202 9205 9212 9215 9222 9225 9232 9235 9242 9245 9252 9255 9262 9265 9272 9275 9282 9285 9292 9295
9308 9318 9328 9338 9348 9358 9368 9378 9388 9398
9502 9505 9512 9515 9522 9525 9532 9535 9542 9545 9552 9555 9562 9565 9572 9575 9582 9585 9592 9595
9608 9618 9628 9638 9648 9658 9668 9678 9688 9698
9802 9805 9812 9815 9822 9825 9832 9835 9842 9845 9852 9855 9862 9865 9872 9875 9882 9885 9892 9895
9908 9918 9928 9938 9948 9958 9968 9978 9988 9998
</I>


         <!--
      99 . . . . . . . A I . . . . . . . . A I . . . . . . . . A I . . . . . . . . A I . . . . . . . . A I . . . . . . . . A I . . . . . . . . A I . . . . . . . . A I . . . . . . . . A I . . . . . . . . A I .  
      98 . . I . . I . . . . . . I . . I . . . . . . I . . I . . . . . . I . . I . . . . . . I . . I . . . . . . I . . I . . . . . . I . . I . . . . . . I . . I . . . . . . I . . I . . . . . . I . . I . . . .  
      97 . A . . A . . . . . . A . . A . . . . . . A . . A . . . . . . A . . A . . . . . . A . . A . . . . . . A . . A . . . . . . A . . A . . . . . . A . . A . . . . . . A . . A . . . . . . A . . A . . . . .  
      96 . . . . . . . A I . . . . . . . . A I . . . . . . . . A I . . . . . . . . A I . . . . . . . . A I . . . . . . . . A I . . . . . . . . A I . . . . . . . . A I . . . . . . . . A I . . . . . . . . A I .  
      95 . . I . . I . . . . . . I . . I . . . . . . I . . I . . . . . . I . . I . . . . . . I . . I . . . . . . I . . I . . . . . . I . . I . . . . . . I . . I . . . . . . I . . I . . . . . . I . . I . . . .  
      94 . A . . A . . . . . . A . . A . . . . . . A . . A . . . . . . A . . A . . . . . . A . . A . . . . . . A . . A . . . . . . A . . A . . . . . . A . . A . . . . . . A . . A . . . . . . A . . A . . . . .  
      93 . . . . . . . A I . . . . . . . . A I . . . . . . . . A I . . . . . . . . A I . . . . . . . . A I . . . . . . . . A I . . . . . . . . A I . . . . . . . . A I . . . . . . . . A I . . . . . . . . A I .  
      92 . . I . . I . . . . . . I . . I . . . . . . I . . I . . . . . . I . . I . . . . . . I . . I . . . . . . I . . I . . . . . . I . . I . . . . . . I . . I . . . . . . I . . I . . . . . . I . . I . . . .  
      91 . A . . A . . . . . . A . . A . . . . . . A . . A . . . . . . A . . A . . . . . . A . . A . . . . . . A . . A . . . . . . A . . A . . . . . . A . . A . . . . . . A . . A . . . . . . A . . A . . . . .  
      90 . . . . . . . A I . . . . . . . . A I . . . . . . . . A I . . . . . . . . A I . . . . . . . . A I . . . . . . . . A I . . . . . . . . A I . . . . . . . . A I . . . . . . . . A I . . . . . . . . A I .  
      89 . . I . . . . A . . . . I . . . . A . . . . I . . . . A . . . . I . . . . A . . . . I . . . . A . . . . I . . . . A . . . . I . . . . A . . . . I . . . . A . . . . I . . . . A . . . . I . . . . A . .
      88 . . . . . I . . I . . . . . . I . . I . . . . . . I . . I . . . . . . I . . I . . . . . . I . . I . . . . . . I . . I . . . . . . I . . I . . . . . . I . . I . . . . . . I . . I . . . . . . I . . I .
      87 . A . . A . . . . . . A . . A . . . . . . A . . A . . . . . . A . . A . . . . . . A . . A . . . . . . A . . A . . . . . . A . . A . . . . . . A . . A . . . . . . A . . A . . . . . . A . . A . . . . .
      86 . . I . . . . A . . . . I . . . . A . . . . I . . . . A . . . . I . . . . A . . . . I . . . . A . . . . I . . . . A . . . . I . . . . A . . . . I . . . . A . . . . I . . . . A . . . . I . . . . A . .
      85 . . . . . I . . I . . . . . . I . . I . . . . . . I . . I . . . . . . I . . I . . . . . . I . . I . . . . . . I . . I . . . . . . I . . I . . . . . . I . . I . . . . . . I . . I . . . . . . I . . I .
      84 . A . . A . . . . . . A . . A . . . . . . A . . A . . . . . . A . . A . . . . . . A . . A . . . . . . A . . A . . . . . . A . . A . . . . . . A . . A . . . . . . A . . A . . . . . . A . . A . . . . .
      83 . . I . . . . A . . . . I . . . . A . . . . I . . . . A . . . . I . . . . A . . . . I . . . . A . . . . I . . . . A . . . . I . . . . A . . . . I . . . . A . . . . I . . . . A . . . . I . . . . A . .
      82 . . . . . I . . I . . . . . . I . . I . . . . . . I . . I . . . . . . I . . I . . . . . . I . . I . . . . . . I . . I . . . . . . I . . I . . . . . . I . . I . . . . . . I . . I . . . . . . I . . I .
      81 . A . . A . . . . . . A . . A . . . . . . A . . A . . . . . . A . . A . . . . . . A . . A . . . . . . A . . A . . . . . . A . . A . . . . . . A . . A . . . . . . A . . A . . . . . . A . . A . . . . .
      80 . . I . . . . A . . . . I . . . . A . . . . I . . . . A . . . . I . . . . A . . . . I . . . . A . . . . I . . . . A . . . . I . . . . A . . . . I . . . . A . . . . I . . . . A . . . . I . . . . A . .
      79 . . . . . . . A I . . . . . . . . A I . . . . . . . . A I . . . . . . . . A I . . . . . . . . A I . . . . . . . . A I . . . . . . . . A I . . . . . . . . A I . . . . . . . . A I . . . . . . . . A I .  
      78 . . I . . I . . . . . . I . . I . . . . . . I . . I . . . . . . I . . I . . . . . . I . . I . . . . . . I . . I . . . . . . I . . I . . . . . . I . . I . . . . . . I . . I . . . . . . I . . I . . . .  
      77 . A . . A . . . . . . A . . A . . . . . . A . . A . . . . . . A . . A . . . . . . A . . A . . . . . . A . . A . . . . . . A . . A . . . . . . A . . A . . . . . . A . . A . . . . . . A . . A . . . . .  
      76 . . . . . . . A I . . . . . . . . A I . . . . . . . . A I . . . . . . . . A I . . . . . . . . A I . . . . . . . . A I . . . . . . . . A I . . . . . . . . A I . . . . . . . . A I . . . . . . . . A I .  
      75 . . I . . I . . . . . . I . . I . . . . . . I . . I . . . . . . I . . I . . . . . . I . . I . . . . . . I . . I . . . . . . I . . I . . . . . . I . . I . . . . . . I . . I . . . . . . I . . I . . . .  
      74 . A . . A . . . . . . A . . A . . . . . . A . . A . . . . . . A . . A . . . . . . A . . A . . . . . . A . . A . . . . . . A . . A . . . . . . A . . A . . . . . . A . . A . . . . . . A . . A . . . . .  
      73 . . . . . . . A I . . . . . . . . A I . . . . . . . . A I . . . . . . . . A I . . . . . . . . A I . . . . . . . . A I . . . . . . . . A I . . . . . . . . A I . . . . . . . . A I . . . . . . . . A I .  
      72 . . I . . I . . . . . . I . . I . . . . . . I . . I . . . . . . I . . I . . . . . . I . . I . . . . . . I . . I . . . . . . I . . I . . . . . . I . . I . . . . . . I . . I . . . . . . I . . I . . . .  
      71 . A . . A . . . . . . A . . A . . . . . . A . . A . . . . . . A . . A . . . . . . A . . A . . . . . . A . . A . . . . . . A . . A . . . . . . A . . A . . . . . . A . . A . . . . . . A . . A . . . . .  
      70 . . . . . . . A I . . . . . . . . A I . . . . . . . . A I . . . . . . . . A I . . . . . . . . A I . . . . . . . . A I . . . . . . . . A I . . . . . . . . A I . . . . . . . . A I . . . . . . . . A I .  
      69 . . I . . . . A . . . . I . . . . A . . . . I . . . . A . . . . I . . . . A . . . . I . . . . A . . . . I . . . . A . . . . I . . . . A . . . . I . . . . A . . . . I . . . . A . . . . I . . . . A . .
      68 . . . . . I . . I . . . . . . I . . I . . . . . . I . . I . . . . . . I . . I . . . . . . I . . I . . . . . . I . . I . . . . . . I . . I . . . . . . I . . I . . . . . . I . . I . . . . . . I . . I .
      67 . A . . A . . . . . . A . . A . . . . . . A . . A . . . . . . A . . A . . . . . . A . . A . . . . . . A . . A . . . . . . A . . A . . . . . . A . . A . . . . . . A . . A . . . . . . A . . A . . . . .
      66 . . I . . . . A . . . . I . . . . A . . . . I . . . . A . . . . I . . . . A . . . . I . . . . A . . . . I . . . . A . . . . I . . . . A . . . . I . . . . A . . . . I . . . . A . . . . I . . . . A . .
      65 . . . . . I . . I . . . . . . I . . I . . . . . . I . . I . . . . . . I . . I . . . . . . I . . I . . . . . . I . . I . . . . . . I . . I . . . . . . I . . I . . . . . . I . . I . . . . . . I . . I .
      64 . A . . A . . . . . . A . . A . . . . . . A . . A . . . . . . A . . A . . . . . . A . . A . . . . . . A . . A . . . . . . A . . A . . . . . . A . . A . . . . . . A . . A . . . . . . A . . A . . . . .
      63 . . I . . . . A . . . . I . . . . A . . . . I . . . . A . . . . I . . . . A . . . . I . . . . A . . . . I . . . . A . . . . I . . . . A . . . . I . . . . A . . . . I . . . . A . . . . I . . . . A . .
      62 . . . . . I . . I . . . . . . I . . I . . . . . . I . . I . . . . . . I . . I . . . . . . I . . I . . . . . . I . . I . . . . . . I . . I . . . . . . I . . I . . . . . . I . . I . . . . . . I . . I .
      61 . A . . A . . . . . . A . . A . . . . . . A . . A . . . . . . A . . A . . . . . . A . . A . . . . . . A . . A . . . . . . A . . A . . . . . . A . . A . . . . . . A . . A . . . . . . A . . A . . . . .
      60 . . I . . . . A . . . . I . . . . A . . . . I . . . . A . . . . I . . . . A . . . . I . . . . A . . . . I . . . . A . . . . I . . . . A . . . . I . . . . A . . . . I . . . . A . . . . I . . . . A . .
      59 . . . . . . . A I . . . . . . . . A I . . . . . . . . A I . . . . . . . . A I . . . . . . . . A I . . . . . . . . A I . . . . . . . . A I . . . . . . . . A I . . . . . . . . A I . . . . . . . . A I .  
      58 . . I . . I . . . . . . I . . I . . . . . . I . . I . . . . . . I . . I . . . . . . I . . I . . . . . . I . . I . . . . . . I . . I . . . . . . I . . I . . . . . . I . . I . . . . . . I . . I . . . .  
      57 . A . . A . . . . . . A . . A . . . . . . A . . A . . . . . . A . . A . . . . . . A . . A . . . . . . A . . A . . . . . . A . . A . . . . . . A . . A . . . . . . A . . A . . . . . . A . . A . . . . .  
      56 . . . . . . . A I . . . . . . . . A I . . . . . . . . A I . . . . . . . . A I . . . . . . . . A I . . . . . . . . A I . . . . . . . . A I . . . . . . . . A I . . . . . . . . A I . . . . . . . . A I .  
      55 . . I . . I . . . . . . I . . I . . . . . . I . . I . . . . . . I . . I . . . . . . I . . I . . . . . . I . . I . . . . . . I . . I . . . . . . I . . I . . . . . . I . . I . . . . . . I . . I . . . .  
      54 . A . . A . . . . . . A . . A . . . . . . A . . A . . . . . . A . . A . . . . . . A . . A . . . . . . A . . A . . . . . . A . . A . . . . . . A . . A . . . . . . A . . A . . . . . . A . . A . . . . .  
      53 . . . . . . . A I . . . . . . . . A I . . . . . . . . A I . . . . . . . . A I . . . . . . . . A I . . . . . . . . A I . . . . . . . . A I . . . . . . . . A I . . . . . . . . A I . . . . . . . . A I .  
      52 . . I . . I . . . . . . I . . I . . . . . . I . . I . . . . . . I . . I . . . . . . I . . I . . . . . . I . . I . . . . . . I . . I . . . . . . I . . I . . . . . . I . . I . . . . . . I . . I . . . .  
      51 . A . . A . . . . . . A . . A . . . . . . A . . A . . . . . . A . . A . . . . . . A . . A . . . . . . A . . A . . . . . . A . . A . . . . . . A . . A . . . . . . A . . A . . . . . . A . . A . . . . .  
      50 . . . . . . . A I . . . . . . . . A I . . . . . . . . A I . . . . . . . . A I . . . . . . . . A I . . . . . . . . A I . . . . . . . . A I . . . . . . . . A I . . . . . . . . A I . . . . . . . . A I .  
      49 . . I . . . . A . . . . I . . . . A . . . . I . . . . A . . . . I . . . . A . . . . I . . . . A . . . . I . . . . A . . . . I . . . . A . . . . I . . . . A . . . . I . . . . A . . . . I . . . . A . .
      48 . . . . . I . . I . . . . . . I . . I . . . . . . I . . I . . . . . . I . . I . . . . . . I . . I . . . . . . I . . I . . . . . . I . . I . . . . . . I . . I . . . . . . I . . I . . . . . . I . . I .
      47 . A . . A . . . . . . A . . A . . . . . . A . . A . . . . . . A . . A . . . . . . A . . A . . . . . . A . . A . . . . . . A . . A . . . . . . A . . A . . . . . . A . . A . . . . . . A . . A . . . . .
      46 . . I . . . . A . . . . I . . . . A . . . . I . . . . A . . . . I . . . . A . . . . I . . . . A . . . . I . . . . A . . . . I . . . . A . . . . I . . . . A . . . . I . . . . A . . . . I . . . . A . .
      45 . . . . . I . . I . . . . . . I . . I . . . . . . I . . I . . . . . . I . . I . . . . . . I . . I . . . . . . I . . I . . . . . . I . . I . . . . . . I . . I . . . . . . I . . I . . . . . . I . . I .
      44 . A . . A . . . . . . A . . A . . . . . . A . . A . . . . . . A . . A . . . . . . A . . A . . . . . . A . . A . . . . . . A . . A . . . . . . A . . A . . . . . . A . . A . . . . . . A . . A . . . . .
      43 . . I . . . . A . . . . I . . . . A . . . . I . . . . A . . . . I . . . . A . . . . I . . . . A . . . . I . . . . A . . . . I . . . . A . . . . I . . . . A . . . . I . . . . A . . . . I . . . . A . .
      42 . . . . . I . . I . . . . . . I . . I . . . . . . I . . I . . . . . . I . . I . . . . . . I . . I . . . . . . I . . I . . . . . . I . . I . . . . . . I . . I . . . . . . I . . I . . . . . . I . . I .
      41 . A . . A . . . . . . A . . A . . . . . . A . . A . . . . . . A . . A . . . . . . A . . A . . . . . . A . . A . . . . . . A . . A . . . . . . A . . A . . . . . . A . . A . . . . . . A . . A . . . . .
      40 . . I . . . . A . . . . I . . . . A . . . . I . . . . A . . . . I . . . . A . . . . I . . . . A . . . . I . . . . A . . . . I . . . . A . . . . I . . . . A . . . . I . . . . A . . . . I . . . . A . .
      39 . . . . . . . A I . . . . . . . . A I . . . . . . . . A I . . . . . . . . A I . . . . . . . . A I . . . . . . . . A I . . . . . . . . A I . . . . . . . . A I . . . . . . . . A I . . . . . . . . A I .  
      38 . . I . . I . . . . . . I . . I . . . . . . I . . I . . . . . . I . . I . . . . . . I . . I . . . . . . I . . I . . . . . . I . . I . . . . . . I . . I . . . . . . I . . I . . . . . . I . . I . . . .  
      37 . A . . A . . . . . . A . . A . . . . . . A . . A . . . . . . A . . A . . . . . . A . . A . . . . . . A . . A . . . . . . A . . A . . . . . . A . . A . . . . . . A . . A . . . . . . A . . A . . . . .  
      36 . . . . . . . A I . . . . . . . . A I . . . . . . . . A I . . . . . . . . A I . . . . . . . . A I . . . . . . . . A I . . . . . . . . A I . . . . . . . . A I . . . . . . . . A I . . . . . . . . A I .  
      35 . . I . . I . . . . . . I . . I . . . . . . I . . I . . . . . . I . . I . . . . . . I . . I . . . . . . I . . I . . . . . . I . . I . . . . . . I . . I . . . . . . I . . I . . . . . . I . . I . . . .  
      34 . A . . A . . . . . . A . . A . . . . . . A . . A . . . . . . A . . A . . . . . . A . . A . . . . . . A . . A . . . . . . A . . A . . . . . . A . . A . . . . . . A . . A . . . . . . A . . A . . . . .  
      33 . . . . . . . A I . . . . . . . . A I . . . . . . . . A I . . . . . . . . A I . . . . . . . . A I . . . . . . . . A I . . . . . . . . A I . . . . . . . . A I . . . . . . . . A I . . . . . . . . A I .  
      32 . . I . . I . . . . . . I . . I . . . . . . I . . I . . . . . . I . . I . . . . . . I . . I . . . . . . I . . I . . . . . . I . . I . . . . . . I . . I . . . . . . I . . I . . . . . . I . . I . . . .  
      31 . A . . A . . . . . . A . . A . . . . . . A . . A . . . . . . A . . A . . . . . . A . . A . . . . . . A . . A . . . . . . A . . A . . . . . . A . . A . . . . . . A . . A . . . . . . A . . A . . . . .  
      30 . . . . . . . A I . . . . . . . . A I . . . . . . . . A I . . . . . . . . A I . . . . . . . . A I . . . . . . . . A I . . . . . . . . A I . . . . . . . . A I . . . . . . . . A I . . . . . . . . A I .  
      29 . . I . . . . A . . . . I . . . . A . . . . I . . . . A . . . . I . . . . A . . . . I . . . . A . . . . I . . . . A . . . . I . . . . A . . . . I . . . . A . . . . I . . . . A . . . . I . . . . A . .
      28 . . . . . I . . I . . . . . . I . . I . . . . . . I . . I . . . . . . I . . I . . . . . . I . . I . . . . . . I . . I . . . . . . I . . I . . . . . . I . . I . . . . . . I . . I . . . . . . I . . I .
      27 . A . . A . . . . . . A . . A . . . . . . A . . A . . . . . . A . . A . . . . . . A . . A . . . . . . A . . A . . . . . . A . . A . . . . . . A . . A . . . . . . A . . A . . . . . . A . . A . . . . .
      26 . . I . . . . A . . . . I . . . . A . . . . I . . . . A . . . . I . . . . A . . . . I . . . . A . . . . I . . . . A . . . . I . . . . A . . . . I . . . . A . . . . I . . . . A . . . . I . . . . A . .
      25 . . . . . I . . I . . . . . . I . . I . . . . . . I . . I . . . . . . I . . I . . . . . . I . . I . . . . . . I . . I . . . . . . I . . I . . . . . . I . . I . . . . . . I . . I . . . . . . I . . I .
      24 . A . . A . . . . . . A . . A . . . . . . A . . A . . . . . . A . . A . . . . . . A . . A . . . . . . A . . A . . . . . . A . . A . . . . . . A . . A . . . . . . A . . A . . . . . . A . . A . . . . .
      23 . . I . . . . A . . . . I . . . . A . . . . I . . . . A . . . . I . . . . A . . . . I . . . . A . . . . I . . . . A . . . . I . . . . A . . . . I . . . . A . . . . I . . . . A . . . . I . . . . A . .
      22 . . . . . I . . I . . . . . . I . . I . . . . . . I . . I . . . . . . I . . I . . . . . . I . . I . . . . . . I . . I . . . . . . I . . I . . . . . . I . . I . . . . . . I . . I . . . . . . I . . I .
      21 . A . . A . . . . . . A . . A . . . . . . A . . A . . . . . . A . . A . . . . . . A . . A . . . . . . A . . A . . . . . . A . . A . . . . . . A . . A . . . . . . A . . A . . . . . . A . . A . . . . .
      20 . . I . . . . A . . . . I . . . . A . . . . I . . . . A . . . . I . . . . A . . . . I . . . . A . . . . I . . . . A . . . . I . . . . A . . . . I . . . . A . . . . I . . . . A . . . . I . . . . A . .
      19 . . . . . . . A I . . . . . . . . A I . . . . . . . . A I . . . . . . . . A I . . . . . . . . A I . . . . . . . . A I . . . . . . . . A I . . . . . . . . A I . . . . . . . . A I . . . . . . . . A I .  
      18 . . I . . I . . . . . . I . . I . . . . . . I . . I . . . . . . I . . I . . . . . . I . . I . . . . . . I . . I . . . . . . I . . I . . . . . . I . . I . . . . . . I . . I . . . . . . I . . I . . . .  
      17 . A . . A . . . . . . A . . A . . . . . . A . . A . . . . . . A . . A . . . . . . A . . A . . . . . . A . . A . . . . . . A . . A . . . . . . A . . A . . . . . . A . . A . . . . . . A . . A . . . . .  
      16 . . . . . . . A I . . . . . . . . A I . . . . . . . . A I . . . . . . . . A I . . . . . . . . A I . . . . . . . . A I . . . . . . . . A I . . . . . . . . A I . . . . . . . . A I . . . . . . . . A I .  
      15 . . I . . I . . . . . . I . . I . . . . . . I . . I . . . . . . I . . I . . . . . . I . . I . . . . . . I . . I . . . . . . I . . I . . . . . . I . . I . . . . . . I . . I . . . . . . I . . I . . . .  
      14 . A . . A . . . . . . A . . A . . . . . . A . . A . . . . . . A . . A . . . . . . A . . A . . . . . . A . . A . . . . . . A . . A . . . . . . A . . A . . . . . . A . . A . . . . . . A . . A . . . . .  
      13 . . . . . . . A I . . . . . . . . A I . . . . . . . . A I . . . . . . . . A I . . . . . . . . A I . . . . . . . . A I . . . . . . . . A I . . . . . . . . A I . . . . . . . . A I . . . . . . . . A I .  
      12 . . I . . I . . . . . . I . . I . . . . . . I . . I . . . . . . I . . I . . . . . . I . . I . . . . . . I . . I . . . . . . I . . I . . . . . . I . . I . . . . . . I . . I . . . . . . I . . I . . . .  
      11 . A . . A . . . . . . A . . A . . . . . . A . . A . . . . . . A . . A . . . . . . A . . A . . . . . . A . . A . . . . . . A . . A . . . . . . A . . A . . . . . . A . . A . . . . . . A . . A . . . . .  
      10 . . . . . . . A I . . . . . . . . A I . . . . . . . . A I . . . . . . . . A I . . . . . . . . A I . . . . . . . . A I . . . . . . . . A I . . . . . . . . A I . . . . . . . . A I . . . . . . . . A I .  
       9 . . I . . . . A . . . . I . . . . A . . . . I . . . . A . . . . I . . . . A . . . . I . . . . A . . . . I . . . . A . . . . I . . . . A . . . . I . . . . A . . . . I . . . . A . . . . I . . . . A . .
       8 . . . . . I . . I . . . . . . I . . I . . . . . . I . . I . . . . . . I . . I . . . . . . I . . I . . . . . . I . . I . . . . . . I . . I . . . . . . I . . I . . . . . . I . . I . . . . . . I . . I .
       7 . A . . A . . . . . . A . . A . . . . . . A . . A . . . . . . A . . A . . . . . . A . . A . . . . . . A . . A . . . . . . A . . A . . . . . . A . . A . . . . . . A . . A . . . . . . A . . A . . . . .
       6 . . I . . . . A . . . . I . . . . A . . . . I . . . . A . . . . I . . . . A . . . . I . . . . A . . . . I . . . . A . . . . I . . . . A . . . . I . . . . A . . . . I . . . . A . . . . I . . . . A . .
       5 . . . . . I . . I . . . . . . I . . I . . . . . . I . . I . . . . . . I . . I . . . . . . I . . I . . . . . . I . . I . . . . . . I . . I . . . . . . I . . I . . . . . . I . . I . . . . . . I . . I .
       4 . A . . A . . . . . . A . . A . . . . . . A . . A . . . . . . A . . A . . . . . . A . . A . . . . . . A . . A . . . . . . A . . A . . . . . . A . . A . . . . . . A . . A . . . . . . A . . A . . . . .
       3 . . I . . . . A . . . . I . . . . A . . . . I . . . . A . . . . I . . . . A . . . . I . . . . A . . . . I . . . . A . . . . I . . . . A . . . . I . . . . A . . . . I . . . . A . . . . I . . . . A . .
       2 . . . . . I . . I . . . . . . I . . I . . . . . . I . . I . . . . . . I . . I . . . . . . I . . I . . . . . . I . . I . . . . . . I . . I . . . . . . I . . I . . . . . . I . . I . . . . . . I . . I .
       1 . A . . A . . . . . . A . . A . . . . . . A . . A . . . . . . A . . A . . . . . . A . . A . . . . . . A . . A . . . . . . A . . A . . . . . . A . . A . . . . . . A . . A . . . . . . A . . A . . . . .
       0 . . I . . . . A . . . . I . . . . A . . . . I . . . . A . . . . I . . . . A . . . . I . . . . A . . . . I . . . . A . . . . I . . . . A . . . . I . . . . A . . . . I . . . . A . . . . I . . . . A . .
         0 1 2 3 4 5 6 7 8 9 0 1 2 3 4 5 6 7 8 9 0 1 2 3 4 5 6 7 8 9 0 1 2 3 4 5 6 7 8 9 0 1 2 3 4 5 6 7 8 9 0 1 2 3 4 5 6 7 8 9 0 1 2 3 4 5 6 7 8 9 0 1 2 3 4 5 6 7 8 9 0 1 2 3 4 5 6 7 8 9 0 1 2 3 4 5 6 7 8 9
                               1 1 1 1 1 1 1 1 1 2 2 2 2 2 2 2 2 2 2 3 3 3 3 3 3 3 3 3 3 4 4 4 4 4 4 4 4 4 4 5 5 5 5 5 5 5 5 5 5 6 6 6 6 6 6 6 6 6 6 7 7 7 7 7 7 7 7 7 7 8 8 8 8 8 8 8 8 8 8 9 9 9 9 9 9 9 9 9 9
       -->
      </FixedLayoutParams>
   </LayoutParams>
</ModelParams>
