<?xml version="1.0" encoding="UTF-8" standalone="no"?>
<!-- Parameter file for the DCT growth modeling -->
<!-- This file holds constants, not state information -->
<SimInfoParams>
   <!-- size of pool of neurons [x y z] -->
   <PoolSize x="2" y="2" z="1"/>
   <!-- Simulation Parameters -->
   <SimParams Tsim="1.0" numSims="1"/>
   <!-- Simulation Configuration Parameters -->
   <SimConfig maxFiringRate="200" maxSynapsesPerNeuron="200"/>
   <!-- Random seed - set to zero to use /dev/random -->
   <!-- TODO: implement support for this -->
   <Seed value="1"/>
   <!-- State output file name, this name will be overwritten if -o option is specified -->
   <OutputParams stateOutputFileName="test-tiny-out.xml"/>
</SimInfoParams>

<ModelParams>
   <NeuronsParams class="AllLIFNeurons">
      <!-- Interval of constant injected current -->
      <Iinject min="13.5e-09" max="13.5e-09"/>
      <!-- Interval of STD of (gaussian) noise current -->
      <Inoise min="1.0e-09" max="1.5e-09"/>
      <!-- Interval of firing threshold -->
      <Vthresh min="15.0e-03" max="15.0e-03"/>
      <!-- Interval of asymptotic voltage -->
      <Vresting min="0.0" max="0.0"/>
      <!-- Interval of reset voltage -->
      <Vreset min="13.5e-03" max="13.5e-03"/>
      <!-- Interval of initial membrance voltage -->
      <Vinit min="13.0e-03" max="13.0e-03"/>
      <!-- Starter firing threshold -->
      <starter_vthresh min="13.565e-3" max="13.655e-3"/>
      <!-- Starter reset voltage -->
      <starter_vreset min="13.0e-3" max="13.0e-3"/>
   </NeuronsParams>
   
   <SynapsesParams class="AllDSSynapses">
   </SynapsesParams>
   
   <ConnectionsParams class="ConnGrowth">
      <!-- Growth parameters -->
      <GrowthParams epsilon="0.60" beta="0.10" rho="0.0001" targetRate="1.9" minRadius="0.1" startRadius="0.4"/>
   </ConnectionsParams>

   <LayoutParams class="FixedLayout">

      <!-- If FixedLayout is present, the grid will be laid out according to the positions below, rather than randomly based on LsmParams -->
      <FixedLayoutParams>
         <!-- 0-indexed positions of endogenously active neurons in the list -->
         <A>0</A>

         <!-- 0-indexed positions of inhibitory neurons in the list -->
         <I>1</I>


         <!--
         original 10x10 (not updated for 30x30)
            9 . . . . . . . A . .
            8 . . . . . . . . . .
            7 . A . . A . . . . .
            6 . . . . . . I A . .
            5 . . . . . . . . . .
            4 . A . . A . . . . .
            3 . . . I . . . A . .
            2 . . . . . . . . . .
            1 . A . . A . . . . .
            0 . . . . . . . A . .
              0 1 2 3 4 5 6 7 8 9
         -->
      </FixedLayoutParams>
   </LayoutParams>
</ModelParams>
